This file contains any messages produced by compilers while
running configure, to aid debugging if configure makes a mistake.

It was created by configure, which was
generated by GNU Autoconf 2.68.  Invocation command line was

  $ ./configure --with-php-config=php-config

## --------- ##
## Platform. ##
## --------- ##

hostname = zeroq-mac.local
uname -m = x86_64
uname -r = 11.3.0
uname -s = Darwin
uname -v = Darwin Kernel Version 11.3.0: Thu Jan 12 18:47:41 PST 2012; root:xnu-1699.24.23~1/RELEASE_X86_64

/usr/bin/uname -p = i386
/bin/uname -X     = unknown

/bin/arch              = unknown
/usr/bin/arch -k       = unknown
/usr/convex/getsysinfo = unknown
/usr/bin/hostinfo      = Mach kernel version:
	 Darwin Kernel Version 11.3.0: Thu Jan 12 18:47:41 PST 2012; root:xnu-1699.24.23~1/RELEASE_X86_64
Kernel configured for up to 4 processors.
2 processors are physically available.
4 processors are logically available.
Processor type: i486 (Intel 80486)
Processors active: 0 1 2 3
Primary memory available: 8.00 gigabytes
Default processor set: 123 tasks, 577 threads, 4 processors
Load average: 1.63, Mach factor: 2.36
/bin/machine           = unknown
/usr/bin/oslevel       = unknown
/bin/universe          = unknown

PATH: /usr/local/webserver/php/bin
PATH: /usr/local/webserver/nginx/sbin
PATH: /usr/local/webserver/php/bin
PATH: /opt/local/bin
PATH: /opt/local/sbin
PATH: /my_project/go/bin
PATH: /usr/bin
PATH: /bin
PATH: /usr/sbin
PATH: /sbin
PATH: /usr/local/bin
PATH: /usr/local/sbin
PATH: /usr/X11/bin


## ----------- ##
## Core tests. ##
## ----------- ##

configure:2589: checking for grep that handles long lines and -e
configure:2647: result: /usr/bin/grep
configure:2652: checking for egrep
configure:2714: result: /usr/bin/grep -E
configure:2719: checking for a sed that does not truncate output
configure:2773: result: /usr/bin/sed
configure:2905: checking for cc
configure:2921: found /usr/bin/cc
configure:2932: result: cc
configure:2963: checking for C compiler version
configure:2972: cc --version >&5
i686-apple-darwin11-llvm-gcc-4.2 (GCC) 4.2.1 (Based on Apple Inc. build 5658) (LLVM build 2336.1.00)
Copyright (C) 2007 Free Software Foundation, Inc.
This is free software; see the source for copying conditions.  There is NO
warranty; not even for MERCHANTABILITY or FITNESS FOR A PARTICULAR PURPOSE.

configure:2983: $? = 0
configure:2972: cc -v >&5
Using built-in specs.
Target: i686-apple-darwin11
Configured with: /private/var/tmp/llvmgcc42/llvmgcc42-2336.1~1/src/configure --disable-checking --enable-werror --prefix=/Developer/usr/llvm-gcc-4.2 --mandir=/share/man --enable-languages=c,objc,c++,obj-c++ --program-prefix=llvm- --program-transform-name=/^[cg][^.-]*$/s/$/-4.2/ --with-slibdir=/usr/lib --build=i686-apple-darwin11 --enable-llvm=/private/var/tmp/llvmgcc42/llvmgcc42-2336.1~1/dst-llvmCore/Developer/usr/local --program-prefix=i686-apple-darwin11- --host=x86_64-apple-darwin11 --target=i686-apple-darwin11 --with-gxx-include-dir=/usr/include/c++/4.2.1
Thread model: posix
gcc version 4.2.1 (Based on Apple Inc. build 5658) (LLVM build 2336.1.00)
configure:2983: $? = 0
configure:2972: cc -V >&5
llvm-gcc-4.2: argument to `-V' is missing
configure:2983: $? = 1
configure:2972: cc -qversion >&5
i686-apple-darwin11-llvm-gcc-4.2: no input files
configure:2983: $? = 1
configure:3003: checking whether the C compiler works
configure:3025: cc    conftest.c  >&5
configure:3029: $? = 0
configure:3077: result: yes
configure:3080: checking for C compiler default output file name
configure:3082: result: a.out
configure:3088: checking for suffix of executables
configure:3095: cc -o conftest    conftest.c  >&5
configure:3099: $? = 0
configure:3121: result: 
configure:3143: checking whether we are cross compiling
configure:3151: cc -o conftest    conftest.c  >&5
configure:3155: $? = 0
configure:3162: ./conftest
configure:3166: $? = 0
configure:3181: result: no
configure:3186: checking for suffix of object files
configure:3208: cc -c   conftest.c >&5
configure:3212: $? = 0
configure:3233: result: o
configure:3237: checking whether we are using the GNU C compiler
configure:3256: cc -c   conftest.c >&5
configure:3256: $? = 0
configure:3265: result: yes
configure:3274: checking whether cc accepts -g
configure:3294: cc -c -g  conftest.c >&5
configure:3294: $? = 0
configure:3335: result: yes
configure:3352: checking for cc option to accept ISO C89
configure:3416: cc  -c -g -O2  conftest.c >&5
configure:3416: $? = 0
configure:3429: result: none needed
configure:3455: checking how to run the C preprocessor
configure:3486: cc -E  conftest.c
configure:3486: $? = 0
configure:3500: cc -E  conftest.c
conftest.c:9:28: error: ac_nonexistent.h: No such file or directory
configure:3500: $? = 1
configure: failed program was:
| /* confdefs.h */
| #define PACKAGE_NAME ""
| #define PACKAGE_TARNAME ""
| #define PACKAGE_VERSION ""
| #define PACKAGE_STRING ""
| #define PACKAGE_BUGREPORT ""
| #define PACKAGE_URL ""
| /* end confdefs.h.  */
| #include <ac_nonexistent.h>
configure:3525: result: cc -E
configure:3545: cc -E  conftest.c
configure:3545: $? = 0
configure:3559: cc -E  conftest.c
conftest.c:9:28: error: ac_nonexistent.h: No such file or directory
configure:3559: $? = 1
configure: failed program was:
| /* confdefs.h */
| #define PACKAGE_NAME ""
| #define PACKAGE_TARNAME ""
| #define PACKAGE_VERSION ""
| #define PACKAGE_STRING ""
| #define PACKAGE_BUGREPORT ""
| #define PACKAGE_URL ""
| /* end confdefs.h.  */
| #include <ac_nonexistent.h>
configure:3590: checking for icc
configure:3599: result: no
configure:3613: checking for suncc
configure:3622: result: no
configure:3640: checking whether cc understands -c and -o together
configure:3668: cc -c conftest.c -o conftest2.o >&5
configure:3672: $? = 0
configure:3678: cc -c conftest.c -o conftest2.o >&5
configure:3682: $? = 0
configure:3737: result: yes
configure:3751: checking for system library directory
configure:3766: result: lib
configure:3773: checking if compiler supports -R
configure:3792: cc -o conftest -g -O2   conftest.c -R /usr/lib  >&5
ld: in /usr/lib, can't map file, errno=22 for architecture x86_64
collect2: ld returned 1 exit status
configure:3792: $? = 1
configure: failed program was:
| /* confdefs.h */
| #define PACKAGE_NAME ""
| #define PACKAGE_TARNAME ""
| #define PACKAGE_VERSION ""
| #define PACKAGE_STRING ""
| #define PACKAGE_BUGREPORT ""
| #define PACKAGE_URL ""
| /* end confdefs.h.  */
| 
| int
| main ()
| {
| 
|   ;
|   return 0;
| }
configure:3802: result: no
configure:3807: checking if compiler supports -Wl,-rpath,
configure:3826: cc -o conftest -g -O2   conftest.c -Wl,-rpath,/usr/lib  >&5
configure:3826: $? = 0
configure:3836: result: yes
configure:3881: checking build system type
configure:3895: result: i386-apple-darwin11.3.0
configure:3915: checking host system type
configure:3928: result: i386-apple-darwin11.3.0
configure:3948: checking target system type
configure:3961: result: i386-apple-darwin11.3.0
configure:4064: checking for PHP prefix
configure:4066: result: /usr/local/webserver/php
configure:4068: checking for PHP includes
configure:4070: result: -I/usr/local/webserver/php/include/php -I/usr/local/webserver/php/include/php/main -I/usr/local/webserver/php/include/php/TSRM -I/usr/local/webserver/php/include/php/Zend -I/usr/local/webserver/php/include/php/ext -I/usr/local/webserver/php/include/php/ext/date/lib
configure:4072: checking for PHP extension directory
configure:4074: result: /usr/local/webserver/php/lib/php/extensions/no-debug-non-zts-20090626
configure:4076: checking for PHP installed headers prefix
configure:4078: result: /usr/local/webserver/php/include/php
configure:4081: checking if debug is enabled
configure:4107: result: no
configure:4110: checking if zts is enabled
configure:4136: result: no
configure:4210: checking for re2c
configure:4240: result: no
configure:4265: WARNING: You will need re2c 0.13.4 or later if you want to regenerate PHP parsers.
configure:4279: checking for gawk
configure:4310: result: no
configure:4279: checking for nawk
configure:4310: result: no
configure:4279: checking for awk
configure:4296: found /usr/bin/awk
configure:4307: result: awk
configure:4330: checking if awk is broken
configure:4337: result: no
configure:4353: checking for sudoku support
configure:4393: result: yes, shared
configure:4794: checking for ld used by cc
configure:4861: result: /usr/llvm-gcc-4.2/libexec/gcc/i686-apple-darwin11/4.2.1/ld
configure:4868: checking if the linker (/usr/llvm-gcc-4.2/libexec/gcc/i686-apple-darwin11/4.2.1/ld) is GNU ld
configure:4883: result: no
configure:4888: checking for /usr/llvm-gcc-4.2/libexec/gcc/i686-apple-darwin11/4.2.1/ld option to reload object files
configure:4895: result: -r
configure:4913: checking for BSD-compatible nm
configure:4962: result: /usr/bin/nm
configure:4966: checking whether ln -s works
configure:4970: result: yes
configure:4977: checking how to recognize dependent libraries
configure:5163: result: pass_all
configure:5375: checking for ANSI C header files
configure:5395: cc -c -g -O2  conftest.c >&5
configure:5395: $? = 0
configure:5468: cc -o conftest -g -O2   conftest.c  >&5
configure:5468: $? = 0
configure:5468: ./conftest
configure:5468: $? = 0
configure:5479: result: yes
configure:5492: checking for sys/types.h
configure:5492: cc -c -g -O2  conftest.c >&5
configure:5492: $? = 0
configure:5492: result: yes
configure:5492: checking for sys/stat.h
configure:5492: cc -c -g -O2  conftest.c >&5
configure:5492: $? = 0
configure:5492: result: yes
configure:5492: checking for stdlib.h
configure:5492: cc -c -g -O2  conftest.c >&5
configure:5492: $? = 0
configure:5492: result: yes
configure:5492: checking for string.h
configure:5492: cc -c -g -O2  conftest.c >&5
configure:5492: $? = 0
configure:5492: result: yes
configure:5492: checking for memory.h
configure:5492: cc -c -g -O2  conftest.c >&5
configure:5492: $? = 0
configure:5492: result: yes
configure:5492: checking for strings.h
configure:5492: cc -c -g -O2  conftest.c >&5
configure:5492: $? = 0
configure:5492: result: yes
configure:5492: checking for inttypes.h
configure:5492: cc -c -g -O2  conftest.c >&5
configure:5492: $? = 0
configure:5492: result: yes
configure:5492: checking for stdint.h
configure:5492: cc -c -g -O2  conftest.c >&5
configure:5492: $? = 0
configure:5492: result: yes
configure:5492: checking for unistd.h
configure:5492: cc -c -g -O2  conftest.c >&5
configure:5492: $? = 0
configure:5492: result: yes
configure:5506: checking dlfcn.h usability
configure:5506: cc -c -g -O2  conftest.c >&5
configure:5506: $? = 0
configure:5506: result: yes
configure:5506: checking dlfcn.h presence
configure:5506: cc -E  conftest.c
configure:5506: $? = 0
configure:5506: result: yes
configure:5506: checking for dlfcn.h
configure:5506: result: yes
configure:5528: checking the maximum length of command line arguments
configure:5640: result: 196608
configure:5652: checking command to parse /usr/bin/nm output from cc object
configure:5757: cc -c -g -O2  conftest.c >&5
configure:5760: $? = 0
configure:5764: /usr/bin/nm conftest.o \| sed -n -e 's/^.*[ 	]\([BCDEGRST][BCDEGRST]*\)[ 	][ 	]*\([_A-Za-z][_A-Za-z0-9]*\)$/\1 \2 \2/p' \> conftest.nm
configure:5767: $? = 0
cannot find nm_test_var in conftest.nm
configure:5757: cc -c -g -O2  conftest.c >&5
configure:5760: $? = 0
configure:5764: /usr/bin/nm conftest.o \| sed -n -e 's/^.*[ 	]\([BCDEGRST][BCDEGRST]*\)[ 	][ 	]*_\([_A-Za-z][_A-Za-z0-9]*\)$/\1 _\2 \2/p' \> conftest.nm
configure:5767: $? = 0
configure:5819: cc -o conftest -g -O2   conftest.c conftstm.o >&5
configure:5822: $? = 0
configure:5860: result: ok
configure:5864: checking for objdir
configure:5879: result: .libs
configure:5971: checking for ar
configure:5987: found /usr/bin/ar
configure:5998: result: ar
configure:6063: checking for ranlib
configure:6079: found /usr/bin/ranlib
configure:6090: result: ranlib
configure:6155: checking for strip
configure:6171: found /usr/bin/strip
configure:6182: result: strip
configure:6435: checking for dsymutil
configure:6451: found /usr/bin/dsymutil
configure:6462: result: dsymutil
configure:6527: checking for nmedit
configure:6543: found /usr/bin/nmedit
configure:6554: result: nmedit
configure:6577: checking for -single_module linker flag
configure:6598: result: yes
configure:6600: checking for -exported_symbols_list linker flag
configure:6616: cc -o conftest -g -O2   -Wl,-exported_symbols_list,conftest.sym conftest.c  >&5
configure:6619: $? = 0
configure:6633: result: yes
configure:6751: checking if cc supports -fno-rtti -fno-exceptions
configure:6769: cc -c -g -O2  -fno-rtti -fno-exceptions conftest.c >&5
cc1: warning: command line option "-fno-rtti" is valid for C++/ObjC++ but not for C
configure:6773: $? = 0
configure:6786: result: no
configure:6801: checking for cc option to produce PIC
configure:7041: result: -fno-common
configure:7049: checking if cc PIC flag -fno-common works
configure:7067: cc -c -g -O2  -fno-common -DPIC conftest.c >&5
configure:7071: $? = 0
configure:7084: result: yes
configure:7112: checking if cc static flag -static works
configure:7140: result: no
configure:7150: checking if cc supports -c -o file.o
configure:7171: cc -c -g -O2  -o out/conftest2.o conftest.c >&5
configure:7175: $? = 0
configure:7197: result: yes
configure:7223: checking whether the cc linker (/usr/llvm-gcc-4.2/libexec/gcc/i686-apple-darwin11/4.2.1/ld) supports shared libraries
configure:8155: result: yes
configure:8222: checking dynamic linker characteristics
configure:8824: result: darwin11.3.0 dyld
configure:8848: checking how to hardcode library paths into programs
configure:8873: result: immediate
configure:8887: checking whether stripping libraries is possible
configure:8901: result: yes
configure:9409: checking if libtool supports shared libraries
configure:9411: result: yes
configure:9414: checking whether to build shared libraries
configure:9435: result: yes
configure:9438: checking whether to build static libraries
configure:9442: result: no
configure:9537: result:
creating libtool
configure:13240: creating ./config.status

## ---------------------- ##
## Running config.status. ##
## ---------------------- ##

This file was extended by config.status, which was
generated by GNU Autoconf 2.68.  Invocation command line was

  CONFIG_FILES    = 
  CONFIG_HEADERS  = 
  CONFIG_LINKS    = 
  CONFIG_COMMANDS = 
  $ ./config.status 

on zeroq-mac.local

config.status:688: creating config.h
config.status:778: config.h is unchanged

## ---------------- ##
## Cache variables. ##
## ---------------- ##

ac_cv_build=i386-apple-darwin11.3.0
ac_cv_c_compiler_gnu=yes
ac_cv_env_CC_set=
ac_cv_env_CC_value=
ac_cv_env_CFLAGS_set=
ac_cv_env_CFLAGS_value=
ac_cv_env_CPPFLAGS_set=
ac_cv_env_CPPFLAGS_value=
ac_cv_env_CPP_set=
ac_cv_env_CPP_value=
ac_cv_env_LDFLAGS_set=
ac_cv_env_LDFLAGS_value=
ac_cv_env_LIBS_set=
ac_cv_env_LIBS_value=
ac_cv_env_build_alias_set=
ac_cv_env_build_alias_value=
ac_cv_env_host_alias_set=
ac_cv_env_host_alias_value=
ac_cv_env_target_alias_set=
ac_cv_env_target_alias_value=
ac_cv_header_dlfcn_h=yes
ac_cv_header_inttypes_h=yes
ac_cv_header_memory_h=yes
ac_cv_header_stdc=yes
ac_cv_header_stdint_h=yes
ac_cv_header_stdlib_h=yes
ac_cv_header_string_h=yes
ac_cv_header_strings_h=yes
ac_cv_header_sys_stat_h=yes
ac_cv_header_sys_types_h=yes
ac_cv_header_unistd_h=yes
ac_cv_host=i386-apple-darwin11.3.0
ac_cv_objext=o
ac_cv_path_EGREP='/usr/bin/grep -E'
ac_cv_path_GREP=/usr/bin/grep
ac_cv_prog_AWK=awk
ac_cv_prog_CPP='cc -E'
ac_cv_prog_ac_ct_AR=ar
ac_cv_prog_ac_ct_CC=cc
ac_cv_prog_ac_ct_DSYMUTIL=dsymutil
ac_cv_prog_ac_ct_NMEDIT=nmedit
ac_cv_prog_ac_ct_RANLIB=ranlib
ac_cv_prog_ac_ct_STRIP=strip
ac_cv_prog_cc_c89=
ac_cv_prog_cc_cc_c_o=yes
ac_cv_prog_cc_g=yes
ac_cv_target=i386-apple-darwin11.3.0
lt_cv_apple_cc_single_mod=yes
lt_cv_deplibs_check_method=pass_all
lt_cv_file_magic_cmd='$MAGIC_CMD'
lt_cv_file_magic_test_file=
lt_cv_ld_exported_symbols_list=yes
lt_cv_ld_reload_flag=-r
lt_cv_objdir=.libs
lt_cv_path_LD=/usr/llvm-gcc-4.2/libexec/gcc/i686-apple-darwin11/4.2.1/ld
lt_cv_path_NM=/usr/bin/nm
lt_cv_path_SED=/usr/bin/sed
lt_cv_prog_compiler_c_o=yes
lt_cv_prog_compiler_pic_works=yes
lt_cv_prog_compiler_rtti_exceptions=no
lt_cv_prog_compiler_static_works=no
lt_cv_prog_gnu_ld=no
lt_cv_sys_global_symbol_pipe='sed -n -e '\''s/^.*[ 	]\([BCDEGRST][BCDEGRST]*\)[ 	][ 	]*_\([_A-Za-z][_A-Za-z0-9]*\)$/\1 _\2 \2/p'\'''
lt_cv_sys_global_symbol_to_c_name_address='sed -n -e '\''s/^: \([^ ]*\) $/  {\"\1\", (lt_ptr) 0},/p'\'' -e '\''s/^[BCDEGRST] \([^ ]*\) \([^ ]*\)$/  {"\2", (lt_ptr) \&\2},/p'\'''
lt_cv_sys_global_symbol_to_cdecl='sed -n -e '\''s/^. .* \(.*\)$/extern int \1;/p'\'''
lt_cv_sys_lib_dlsearch_path_spec='/usr/local/lib /lib /usr/lib'
lt_cv_sys_lib_search_path_spec='/usr/llvm-gcc-4.2/lib/gcc/i686-apple-darwin11/4.2.1/x86_64 /Developer/usr/llvm-gcc-4.2/lib/gcc/i686-apple-darwin11/4.2.1/x86_64 /usr/lib /usr/llvm-gcc-4.2/lib/gcc /usr/llvm-gcc-4.2/lib /Developer/usr/llvm-gcc-4.2/lib /usr/local/lib'
lt_cv_sys_max_cmd_len=196608
lt_lt_cv_prog_compiler_c_o='"yes"'
lt_lt_cv_sys_global_symbol_pipe='"sed -n -e '\''s/^.*[ 	]\\([BCDEGRST][BCDEGRST]*\\)[ 	][ 	]*_\\([_A-Za-z][_A-Za-z0-9]*\\)\$/\\1 _\\2 \\2/p'\''"'
lt_lt_cv_sys_global_symbol_to_c_name_address='"sed -n -e '\''s/^: \\([^ ]*\\) \$/  {\\\"\\1\\\", (lt_ptr) 0},/p'\'' -e '\''s/^[BCDEGRST] \\([^ ]*\\) \\([^ ]*\\)\$/  {\"\\2\", (lt_ptr) \\&\\2},/p'\''"'
lt_lt_cv_sys_global_symbol_to_cdecl='"sed -n -e '\''s/^. .* \\(.*\\)\$/extern int \\1;/p'\''"'
php_cv_cc_dashr=no
php_cv_cc_rpath=yes

## ----------------- ##
## Output variables. ##
## ----------------- ##

AR='ar'
AWK='awk'
CC='cc'
CFLAGS='-g -O2'
CONFIGURE_COMMAND=' '\''./configure'\''  '\''--with-php-config=php-config'\'''
CONFIGURE_OPTIONS=' '\''--with-php-config=php-config'\'''
CPP='cc -E'
CPPFLAGS=' -DHAVE_CONFIG_H'
DEFS='-DHAVE_CONFIG_H'
DSYMUTIL='dsymutil'
ECHO='/bin/echo'
ECHO_C='\c'
ECHO_N=''
ECHO_T=''
EGREP='/usr/bin/grep -E'
EXEEXT=''
GREP='/usr/bin/grep'
LDFLAGS=''
LIBOBJS=''
LIBS=''
LIBTOOL='$(SHELL) $(top_builddir)/libtool'
LN_S='ln -s'
LTLIBOBJS=''
NMEDIT='nmedit'
OBJEXT='o'
PACKAGE_BUGREPORT=''
PACKAGE_NAME=''
PACKAGE_STRING=''
PACKAGE_TARNAME=''
PACKAGE_URL=''
PACKAGE_VERSION=''
PATH_SEPARATOR=':'
RANLIB='ranlib'
RE2C='exit 0;'
SED='/usr/bin/sed'
SHELL='/bin/sh'
SHLIB_DL_SUFFIX_NAME='so'
SHLIB_SUFFIX_NAME='dylib'
STRIP='strip'
ac_ct_CC='cc'
bindir='${exec_prefix}/bin'
build='i386-apple-darwin11.3.0'
build_alias=''
build_cpu='i386'
build_os='darwin11.3.0'
build_vendor='apple'
datadir='${datarootdir}'
datarootdir='${prefix}/share'
docdir='${datarootdir}/doc/${PACKAGE}'
dvidir='${docdir}'
exec_prefix='$(prefix)'
host='i386-apple-darwin11.3.0'
host_alias='i386-apple-darwin11.3.0'
host_cpu='i386'
host_os='darwin11.3.0'
host_vendor='apple'
htmldir='${docdir}'
includedir='${prefix}/include'
infodir='${datarootdir}/info'
libdir='${exec_prefix}/lib'
libexecdir='${exec_prefix}/libexec'
localedir='${datarootdir}/locale'
localstatedir='${prefix}/var'
mandir='${datarootdir}/man'
oldincludedir='/usr/include'
pdfdir='${docdir}'
prefix='/usr/local/webserver/php'
program_transform_name='s,x,x,'
psdir='${docdir}'
sbindir='${exec_prefix}/sbin'
sharedstatedir='${prefix}/com'
sysconfdir='${prefix}/etc'
target='i386-apple-darwin11.3.0'
target_alias=''
target_cpu='i386'
target_os='darwin11.3.0'
target_vendor='apple'

## ----------- ##
## confdefs.h. ##
## ----------- ##

/* confdefs.h */
#define PACKAGE_NAME ""
#define PACKAGE_TARNAME ""
#define PACKAGE_VERSION ""
#define PACKAGE_STRING ""
#define PACKAGE_BUGREPORT ""
#define PACKAGE_URL ""
#define COMPILE_DL_SUDOKU 1
#define STDC_HEADERS 1
#define HAVE_SYS_TYPES_H 1
#define HAVE_SYS_STAT_H 1
#define HAVE_STDLIB_H 1
#define HAVE_STRING_H 1
#define HAVE_MEMORY_H 1
#define HAVE_STRINGS_H 1
#define HAVE_INTTYPES_H 1
#define HAVE_STDINT_H 1
#define HAVE_UNISTD_H 1
#define HAVE_DLFCN_H 1

configure: exit 0
